<?xml version="1.0" encoding="UTF-8"?>
<!-- Generated by org.testng.reporters.JUnitXMLReporter -->
<testsuite hostname="DESKTOP-DFEV0VQ" failures="2" tests="8" name="Nopackage" time="1.291" errors="0" timestamp="18 Jan 2021 13:50:16 GMT">
  <testcase classname="POSTTest" name="validPostTest" time="0.167"/>
  <testcase classname="POSTTest" name="InvalidIdPostTest" time="0.188"/>
  <testcase classname="POSTTest" name="RepeatedIDPostTest" time="0.163"/>
  <testcase classname="POSTTest" name="InvalidNamePostTest" time="0.058">
    <failure type="java.lang.AssertionError" message="expected:&amp;lt;ERROR&amp;gt; but was:&amp;lt;SUCCESS&amp;gt;">
      <![CDATA[java.lang.AssertionError: expected:<ERROR> but was:<SUCCESS>
	at POSTTest.InvalidNamePostTest(POSTTest.java:133)
	at org.apache.maven.surefire.testng.TestNGExecutor.run(TestNGExecutor.java:178)
	at org.apache.maven.surefire.testng.TestNGXmlTestSuite.execute(TestNGXmlTestSuite.java:92)
	at org.apache.maven.surefire.testng.TestNGProvider.invoke(TestNGProvider.java:96)
	at org.apache.maven.surefire.util.ReflectionUtils.invokeMethodWithArray2(ReflectionUtils.java:208)
	at org.apache.maven.surefire.booter.ProviderFactory$ProviderProxy.invoke(ProviderFactory.java:159)
	at org.apache.maven.surefire.booter.ProviderFactory.invokeProvider(ProviderFactory.java:87)
	at org.apache.maven.surefire.booter.ForkedBooter.runSuitesInProcess(ForkedBooter.java:153)
	at org.apache.maven.surefire.booter.ForkedBooter.main(ForkedBooter.java:95)
... Removed 30 stack frames]]>
    </failure>
  </testcase>
  <testcase classname="DeleteTest" name="testingDeleteWithID" time="0.085">
    <failure type="java.lang.AssertionError" message="expected:&amp;lt;1&amp;gt; but was:&amp;lt;2&amp;gt;">
      <![CDATA[java.lang.AssertionError: expected:<1> but was:<2>
	at DeleteTest.testingDeleteWithID(DeleteTest.java:61)
	at org.apache.maven.surefire.testng.TestNGExecutor.run(TestNGExecutor.java:178)
	at org.apache.maven.surefire.testng.TestNGXmlTestSuite.execute(TestNGXmlTestSuite.java:92)
	at org.apache.maven.surefire.testng.TestNGProvider.invoke(TestNGProvider.java:96)
	at org.apache.maven.surefire.util.ReflectionUtils.invokeMethodWithArray2(ReflectionUtils.java:208)
	at org.apache.maven.surefire.booter.ProviderFactory$ProviderProxy.invoke(ProviderFactory.java:159)
	at org.apache.maven.surefire.booter.ProviderFactory.invokeProvider(ProviderFactory.java:87)
	at org.apache.maven.surefire.booter.ForkedBooter.runSuitesInProcess(ForkedBooter.java:153)
	at org.apache.maven.surefire.booter.ForkedBooter.main(ForkedBooter.java:95)
... Removed 30 stack frames]]>
    </failure>
  </testcase>
  <testcase classname="DeleteTest" name="testingDeleteAll" time="0.1"/>
  <testcase classname="DeleteTest" name="testingDeleteAllEmpty" time="0.132"/>
  <testcase classname="DeleteTest" name="testingDeleteWithdoesntExistID" time="0.169"/>
</testsuite>
