<?xml version="1.0" encoding="UTF-8"?>
<!-- Generated by org.testng.reporters.JUnitXMLReporter -->
<testsuite hostname="DESKTOP-DFEV0VQ" failures="2" tests="3" name="REST API PUT Test" time="5.104" errors="0" timestamp="21 Jan 2021 08:00:27 GMT">
  <testcase classname="TestClasses.PUTTest" name="putTest" time="0.391">
    <failure type="java.lang.AssertionError" message="items[firstName=Pascsssal].id
Expected: 438745745094
     got: 438768422146
 ; items[firstName=Pascsssal].salary
Expected: 100005
     got: 50002
 ; items[firstName=John]
Expected: a JSON object
     but none found
 ; items[firstName=Blaise]
Unexpected: a JSON object
 ; maxSalary
Expected: 100005
     got: 50002
 ; minSalary
Expected: 5000
     got: 10000
 ; totalSalaries
Expected: 105005
     got: 60002
">
      <![CDATA[java.lang.AssertionError: items[firstName=Pascsssal].id
Expected: 438745745094
     got: 438768422146
 ; items[firstName=Pascsssal].salary
Expected: 100005
     got: 50002
 ; items[firstName=John]
Expected: a JSON object
     but none found
 ; items[firstName=Blaise]
Unexpected: a JSON object
 ; maxSalary
Expected: 100005
     got: 50002
 ; minSalary
Expected: 5000
     got: 10000
 ; totalSalaries
Expected: 105005
     got: 60002

	at org.skyscreamer.jsonassert.JSONAssert.assertEquals(JSONAssert.java:417)
	at org.skyscreamer.jsonassert.JSONAssert.assertEquals(JSONAssert.java:394)
	at org.skyscreamer.jsonassert.JSONAssert.assertEquals(JSONAssert.java:336)
	at TestClasses.PUTTest.putTest(PUTTest.java:29)
	at org.apache.maven.surefire.testng.TestNGExecutor.run(TestNGExecutor.java:178)
	at org.apache.maven.surefire.testng.TestNGXmlTestSuite.execute(TestNGXmlTestSuite.java:92)
	at org.apache.maven.surefire.testng.TestNGProvider.invoke(TestNGProvider.java:96)
	at org.apache.maven.surefire.util.ReflectionUtils.invokeMethodWithArray2(ReflectionUtils.java:208)
	at org.apache.maven.surefire.booter.ProviderFactory$ProviderProxy.invoke(ProviderFactory.java:159)
	at org.apache.maven.surefire.booter.ProviderFactory.invokeProvider(ProviderFactory.java:87)
	at org.apache.maven.surefire.booter.ForkedBooter.runSuitesInProcess(ForkedBooter.java:153)
	at org.apache.maven.surefire.booter.ForkedBooter.main(ForkedBooter.java:95)
... Removed 25 stack frames]]>
    </failure>
  </testcase>
  <testcase classname="TestClasses.PUTTest" name="putTest" time="0.39">
    <failure type="java.lang.AssertionError" message="items[firstName=Test].salary
Expected: 500
     got: 250
 ; minSalary
Expected: 500
     got: 250
">
      <![CDATA[java.lang.AssertionError: items[firstName=Test].salary
Expected: 500
     got: 250
 ; minSalary
Expected: 500
     got: 250

	at org.skyscreamer.jsonassert.JSONAssert.assertEquals(JSONAssert.java:417)
	at org.skyscreamer.jsonassert.JSONAssert.assertEquals(JSONAssert.java:394)
	at org.skyscreamer.jsonassert.JSONAssert.assertEquals(JSONAssert.java:336)
	at TestClasses.PUTTest.putTest(PUTTest.java:29)
	at org.apache.maven.surefire.testng.TestNGExecutor.run(TestNGExecutor.java:178)
	at org.apache.maven.surefire.testng.TestNGXmlTestSuite.execute(TestNGXmlTestSuite.java:92)
	at org.apache.maven.surefire.testng.TestNGProvider.invoke(TestNGProvider.java:96)
	at org.apache.maven.surefire.util.ReflectionUtils.invokeMethodWithArray2(ReflectionUtils.java:208)
	at org.apache.maven.surefire.booter.ProviderFactory$ProviderProxy.invoke(ProviderFactory.java:159)
	at org.apache.maven.surefire.booter.ProviderFactory.invokeProvider(ProviderFactory.java:87)
	at org.apache.maven.surefire.booter.ForkedBooter.runSuitesInProcess(ForkedBooter.java:153)
	at org.apache.maven.surefire.booter.ForkedBooter.main(ForkedBooter.java:95)
... Removed 25 stack frames]]>
    </failure>
  </testcase>
  <testcase classname="TestClasses.PUTTest" name="putTest" time="1.688"/>
</testsuite>
