<?xml version="1.0" encoding="UTF-8"?>
<!-- Generated by org.testng.reporters.JUnitXMLReporter -->
<testsuite hostname="DESKTOP-DFEV0VQ" failures="3" tests="7" name="REST API POST Test" time="1.398" errors="0" timestamp="19 Jan 2021 09:27:00 GMT">
  <testcase classname="POSTTest" name="addManyEmployeesTest" time="0.085">
    <failure type="java.lang.AssertionError" message="expected:&amp;lt;50000&amp;gt; but was:&amp;lt;10000&amp;gt;">
      <![CDATA[java.lang.AssertionError: expected:<50000> but was:<10000>
	at POSTTest.addManyEmployeesTest(POSTTest.java:210)
	at org.apache.maven.surefire.testng.TestNGExecutor.run(TestNGExecutor.java:178)
	at org.apache.maven.surefire.testng.TestNGXmlTestSuite.execute(TestNGXmlTestSuite.java:92)
	at org.apache.maven.surefire.testng.TestNGProvider.invoke(TestNGProvider.java:96)
	at org.apache.maven.surefire.util.ReflectionUtils.invokeMethodWithArray2(ReflectionUtils.java:208)
	at org.apache.maven.surefire.booter.ProviderFactory$ProviderProxy.invoke(ProviderFactory.java:159)
	at org.apache.maven.surefire.booter.ProviderFactory.invokeProvider(ProviderFactory.java:87)
	at org.apache.maven.surefire.booter.ForkedBooter.runSuitesInProcess(ForkedBooter.java:153)
	at org.apache.maven.surefire.booter.ForkedBooter.main(ForkedBooter.java:95)
... Removed 30 stack frames]]>
    </failure>
  </testcase>
  <testcase classname="POSTTest" name="validPostTest" time="0.1"/>
  <testcase classname="POSTTest" name="InvalidIdPostTest" time="0.085"/>
  <testcase classname="POSTTest" name="RepeatedIDPostTest" time="0.099"/>
  <testcase classname="POSTTest" name="InvalidIDPostTest" time="0.039">
    <failure type="java.lang.AssertionError" message="expected:&amp;lt;ERROR&amp;gt; but was:&amp;lt;SUCCESS&amp;gt;">
      <![CDATA[java.lang.AssertionError: expected:<ERROR> but was:<SUCCESS>
	at POSTTest.InvalidIDPostTest(POSTTest.java:132)
	at org.apache.maven.surefire.testng.TestNGExecutor.run(TestNGExecutor.java:178)
	at org.apache.maven.surefire.testng.TestNGXmlTestSuite.execute(TestNGXmlTestSuite.java:92)
	at org.apache.maven.surefire.testng.TestNGProvider.invoke(TestNGProvider.java:96)
	at org.apache.maven.surefire.util.ReflectionUtils.invokeMethodWithArray2(ReflectionUtils.java:208)
	at org.apache.maven.surefire.booter.ProviderFactory$ProviderProxy.invoke(ProviderFactory.java:159)
	at org.apache.maven.surefire.booter.ProviderFactory.invokeProvider(ProviderFactory.java:87)
	at org.apache.maven.surefire.booter.ForkedBooter.runSuitesInProcess(ForkedBooter.java:153)
	at org.apache.maven.surefire.booter.ForkedBooter.main(ForkedBooter.java:95)
... Removed 30 stack frames]]>
    </failure>
  </testcase>
  <testcase classname="POSTTest" name="addManyEmployeesRepeatedIDTest" time="0.101"/>
  <testcase classname="POSTTest" name="InvalidNamePostTest" time="0.053">
    <failure type="java.lang.AssertionError" message="expected:&amp;lt;ERROR&amp;gt; but was:&amp;lt;SUCCESS&amp;gt;">
      <![CDATA[java.lang.AssertionError: expected:<ERROR> but was:<SUCCESS>
	at POSTTest.InvalidNamePostTest(POSTTest.java:153)
	at org.apache.maven.surefire.testng.TestNGExecutor.run(TestNGExecutor.java:178)
	at org.apache.maven.surefire.testng.TestNGXmlTestSuite.execute(TestNGXmlTestSuite.java:92)
	at org.apache.maven.surefire.testng.TestNGProvider.invoke(TestNGProvider.java:96)
	at org.apache.maven.surefire.util.ReflectionUtils.invokeMethodWithArray2(ReflectionUtils.java:208)
	at org.apache.maven.surefire.booter.ProviderFactory$ProviderProxy.invoke(ProviderFactory.java:159)
	at org.apache.maven.surefire.booter.ProviderFactory.invokeProvider(ProviderFactory.java:87)
	at org.apache.maven.surefire.booter.ForkedBooter.runSuitesInProcess(ForkedBooter.java:153)
	at org.apache.maven.surefire.booter.ForkedBooter.main(ForkedBooter.java:95)
... Removed 30 stack frames]]>
    </failure>
  </testcase>
</testsuite>
